<?xml version="1.0" encoding="UTF-8"?>
<!-- Generated by org.testng.reporters.JUnitReportReporter -->
<testsuite hostname="KARNATI" failures="0" tests="2" name="test.java.Academy.E2EProject.HomePage" time="101.306" errors="0" timestamp="2022-03-25T21:59:02 IST" skipped="0">
  <testcase classname="test.java.Academy.E2EProject.HomePage" name="basePageNavigation" time="50.007"/>
  <system-out/>
  <testcase classname="test.java.Academy.E2EProject.HomePage" name="basePageNavigation" time="51.299"/>
  <system-out/>
</testsuite> <!-- test.java.Academy.E2EProject.HomePage -->
