<?xml version="1.0" encoding="UTF-8"?>
<!-- Generated by org.testng.reporters.JUnitReportReporter -->
<testsuite hostname="KARNATI" failures="0" tests="2" name="test.java.Academy.E2EProject.ValidateTitle" time="1.158" errors="0" timestamp="2022-03-25T21:59:02 IST" skipped="0">
  <testcase classname="test.java.Academy.E2EProject.ValidateTitle" name="checkTitle" time="0.794"/>
  <system-out/>
  <testcase classname="test.java.Academy.E2EProject.ValidateTitle" name="checkHeader" time="0.364"/>
  <system-out/>
</testsuite> <!-- test.java.Academy.E2EProject.ValidateTitle -->
