<?xml version="1.0" encoding="UTF-8"?>
<!-- Generated by org.testng.reporters.JUnitReportReporter -->
<testsuite hostname="KARNATI" failures="0" tests="2" name="test.java.Academy.E2EProject.HomePage" time="148.470" errors="0" timestamp="2022-03-25T19:39:17 IST" skipped="0">
  <testcase classname="test.java.Academy.E2EProject.HomePage" name="basePageNavigation" time="43.894"/>
  <system-out/>
  <testcase classname="test.java.Academy.E2EProject.HomePage" name="basePageNavigation" time="104.576"/>
  <system-out/>
</testsuite> <!-- test.java.Academy.E2EProject.HomePage -->
